<?xml version="1.0" encoding="UTF-8"?>
<!-- Generated by org.testng.reporters.JUnitReportReporter -->
<testsuite hostname="PREM-OPTIMUS" failures="0" tests="2" name="pack.RadioButton1" time="0.596" errors="1" timestamp="04 Oct 2022 06:37:24 GMT" skipped="1">
  <testcase classname="pack.RadioButton1" name="beforeMethod" time="0.596">
    <error message="unknown error: cannot create default profile directory
Build info: version: &#039;3.141.59&#039;, revision: &#039;e82be7d358&#039;, time: &#039;2018-11-14T08:17:03&#039;
System info: host: &#039;PREM-OPTIMUS&#039;, ip: &#039;192.168.0.245&#039;, os.name: &#039;Windows 10&#039;, os.arch: &#039;amd64&#039;, os.version: &#039;10.0&#039;, java.version: &#039;15.0.1&#039;
Driver info: driver.version: ChromeDriver
remote stacktrace: Backtrace:
	Ordinal0 [0x00721ED3+2236115]
	Ordinal0 [0x006B92F1+1807089]
	Ordinal0 [0x005C66FD+812797]
	Ordinal0 [0x005E7ECF+949967]
	Ordinal0 [0x005E519C+938396]
	Ordinal0 [0x005E19C9+924105]
	Ordinal0 [0x0061806C+1146988]
	Ordinal0 [0x00617A6A+1145450]
	Ordinal0 [0x006118A6+1120422]
	Ordinal0 [0x005EA73D+960317]
	Ordinal0 [0x005EB71F+964383]
	GetHandleVerifier [0x009CE7E2+2743074]
	GetHandleVerifier [0x009C08D4+2685972]
	GetHandleVerifier [0x007B2BAA+532202]
	GetHandleVerifier [0x007B1990+527568]
	Ordinal0 [0x006C080C+1837068]
	Ordinal0 [0x006C4CD8+1854680]
	Ordinal0 [0x006C4DC5+1854917]
	Ordinal0 [0x006CED64+1895780]
	BaseThreadInitThunk [0x77A7FA29+25]
	RtlGetAppContainerNamedObjectPath [0x77CE7B5E+286]
	RtlGetAppContainerNamedObjectPath [0x77CE7B2E+238]
" type="org.openqa.selenium.WebDriverException">
      <![CDATA[org.openqa.selenium.WebDriverException: unknown error: cannot create default profile directoryBuild info: version: '3.141.59', revision: 'e82be7d358', time: '2018-11-14T08:17:03'System info: host: 'PREM-OPTIMUS', ip: '192.168.0.245', os.name: 'Windows 10', os.arch: 'amd64', os.version: '10.0', java.version: '15.0.1'Driver info: driver.version: ChromeDriverremote stacktrace: Backtrace:Ordinal0 [0x00721ED3+2236115]Ordinal0 [0x006B92F1+1807089]Ordinal0 [0x005C66FD+812797]Ordinal0 [0x005E7ECF+949967]Ordinal0 [0x005E519C+938396]Ordinal0 [0x005E19C9+924105]Ordinal0 [0x0061806C+1146988]Ordinal0 [0x00617A6A+1145450]Ordinal0 [0x006118A6+1120422]Ordinal0 [0x005EA73D+960317]Ordinal0 [0x005EB71F+964383]GetHandleVerifier [0x009CE7E2+2743074]GetHandleVerifier [0x009C08D4+2685972]GetHandleVerifier [0x007B2BAA+532202]GetHandleVerifier [0x007B1990+527568]Ordinal0 [0x006C080C+1837068]Ordinal0 [0x006C4CD8+1854680]Ordinal0 [0x006C4DC5+1854917]Ordinal0 [0x006CED64+1895780]BaseThreadInitThunk [0x77A7FA29+25]RtlGetAppContainerNamedObjectPath [0x77CE7B5E+286]RtlGetAppContainerNamedObjectPath [0x77CE7B2E+238]at java.base/jdk.internal.reflect.NativeConstructorAccessorImpl.newInstance0(Native Method)at java.base/jdk.internal.reflect.NativeConstructorAccessorImpl.newInstance(NativeConstructorAccessorImpl.java:64)at java.base/jdk.internal.reflect.DelegatingConstructorAccessorImpl.newInstance(DelegatingConstructorAccessorImpl.java:45)at java.base/java.lang.reflect.Constructor.newInstanceWithCaller(Constructor.java:500)at java.base/java.lang.reflect.Constructor.newInstance(Constructor.java:481)at org.openqa.selenium.remote.W3CHandshakeResponse.lambda$errorHandler$0(W3CHandshakeResponse.java:62)at org.openqa.selenium.remote.HandshakeResponse.lambda$getResponseFunction$0(HandshakeResponse.java:30)at org.openqa.selenium.remote.ProtocolHandshake.lambda$createSession$0(ProtocolHandshake.java:126)at java.base/java.util.stream.ReferencePipeline$3$1.accept(ReferencePipeline.java:195)at java.base/java.util.Spliterators$ArraySpliterator.tryAdvance(Spliterators.java:958)at java.base/java.util.stream.ReferencePipeline.forEachWithCancel(ReferencePipeline.java:127)at java.base/java.util.stream.AbstractPipeline.copyIntoWithCancel(AbstractPipeline.java:502)at java.base/java.util.stream.AbstractPipeline.copyInto(AbstractPipeline.java:488)at java.base/java.util.stream.AbstractPipeline.wrapAndCopyInto(AbstractPipeline.java:474)at java.base/java.util.stream.FindOps$FindOp.evaluateSequential(FindOps.java:150)at java.base/java.util.stream.AbstractPipeline.evaluate(AbstractPipeline.java:234)at java.base/java.util.stream.ReferencePipeline.findFirst(ReferencePipeline.java:543)at org.openqa.selenium.remote.ProtocolHandshake.createSession(ProtocolHandshake.java:128)at org.openqa.selenium.remote.ProtocolHandshake.createSession(ProtocolHandshake.java:74)at org.openqa.selenium.remote.HttpCommandExecutor.execute(HttpCommandExecutor.java:136)at org.openqa.selenium.remote.service.DriverCommandExecutor.execute(DriverCommandExecutor.java:83)at org.openqa.selenium.remote.RemoteWebDriver.execute(RemoteWebDriver.java:552)at org.openqa.selenium.remote.RemoteWebDriver.startSession(RemoteWebDriver.java:213)at org.openqa.selenium.remote.RemoteWebDriver.<init>(RemoteWebDriver.java:131)at org.openqa.selenium.chrome.ChromeDriver.<init>(ChromeDriver.java:181)at org.openqa.selenium.chrome.ChromeDriver.<init>(ChromeDriver.java:168)at org.openqa.selenium.chrome.ChromeDriver.<init>(ChromeDriver.java:157)at pack.BaseTest.launch(BaseTest.java:90)at pack.RadioButton1.beforeMethod(RadioButton1.java:27)at java.base/jdk.internal.reflect.NativeMethodAccessorImpl.invoke0(Native Method)at java.base/jdk.internal.reflect.NativeMethodAccessorImpl.invoke(NativeMethodAccessorImpl.java:64)at java.base/jdk.internal.reflect.DelegatingMethodAccessorImpl.invoke(DelegatingMethodAccessorImpl.java:43)at java.base/java.lang.reflect.Method.invoke(Method.java:564)at org.testng.internal.MethodInvocationHelper.invokeMethod(MethodInvocationHelper.java:124)at org.testng.internal.MethodInvocationHelper.invokeMethodConsideringTimeout(MethodInvocationHelper.java:59)at org.testng.internal.Invoker.invokeConfigurationMethod(Invoker.java:451)at org.testng.internal.Invoker.invokeConfigurations(Invoker.java:222)at org.testng.internal.Invoker.invokeMethod(Invoker.java:516)at org.testng.internal.Invoker.invokeTestMethod(Invoker.java:707)at org.testng.internal.Invoker.invokeTestMethods(Invoker.java:979)at org.testng.internal.TestMethodWorker.invokeTestMethods(TestMethodWorker.java:125)at org.testng.internal.TestMethodWorker.run(TestMethodWorker.java:109)at org.testng.TestRunner.privateRun(TestRunner.java:648)at org.testng.TestRunner.run(TestRunner.java:505)at org.testng.SuiteRunner.runTest(SuiteRunner.java:455)at org.testng.SuiteRunner.runSequentially(SuiteRunner.java:450)at org.testng.SuiteRunner.privateRun(SuiteRunner.java:415)at org.testng.SuiteRunner.run(SuiteRunner.java:364)at org.testng.SuiteRunnerWorker.runSuite(SuiteRunnerWorker.java:52)at org.testng.SuiteRunnerWorker.run(SuiteRunnerWorker.java:84)at org.testng.TestNG.runSuitesSequentially(TestNG.java:1187)at org.testng.TestNG.runSuitesLocally(TestNG.java:1116)at org.testng.TestNG.runSuites(TestNG.java:1028)at org.testng.TestNG.run(TestNG.java:996)at org.testng.remote.AbstractRemoteTestNG.run(AbstractRemoteTestNG.java:114)at org.testng.remote.RemoteTestNG.initAndRun(RemoteTestNG.java:251)at org.testng.remote.RemoteTestNG.main(RemoteTestNG.java:77)]]>
    </error>
  </testcase> <!-- beforeMethod -->
  <testcase classname="pack.RadioButton1" name="radioButtonTest" time="0.000">
    <skipped/>
  </testcase> <!-- radioButtonTest -->
</testsuite> <!-- pack.RadioButton1 -->
