<?xml version="1.0" encoding="UTF-8"?>
<!-- Generated by org.testng.reporters.JUnitReportReporter -->
<testsuite hostname="PREM-OPTIMUS" failures="1" tests="1" name="org.tests.GoogleTest" time="13.164" errors="0" timestamp="02 Oct 2022 03:18:53 GMT" skipped="0">
  <testcase classname="org.tests.GoogleTest" name="googleSearchTest" time="13.164">
    <failure message="List size mismatch: expected: = 10, actual: 11, collection: .LC20lb.MBeuO.DKV0Md
Elements: [
	&lt;h3 class=&quot;LC20lb MBeuO DKV0Md&quot;&gt;Welcome to Naveen AutomationLabs - naveen automationlabs&lt;/h3&gt;,
	&lt;h3 class=&quot;LC20lb MBeuO DKV0Md&quot;&gt;Naveen AutomationLabs - YouTube&lt;/h3&gt;,
	&lt;h3 class=&quot;LC20lb MBeuO DKV0Md&quot; displayed:false&gt;NoSuchWindowException: no such window: target window already closed&lt;/NoSuchWindowException: no such window: target window already closed&gt;,
	Ups, failed to described the element [caused by: NoSuchWindowException: no such window: target window already closed],
	Ups, failed to described the element [caused by: NoSuchWindowException: no such window: target window already closed],
	Ups, failed to described the element [caused by: NoSuchWindowException: no such window: target window already closed],
	Ups, failed to described the element [caused by: NoSuchWindowException: no such window: target window already closed],
	Ups, failed to described the element [caused by: NoSuchWindowException: no such window: target window already closed],
	Ups, failed to described the element [caused by: NoSuchWindowException: no such window: target window already closed],
	Ups, failed to described the element [caused by: NoSuchWindowException: no such window: target window already closed],
	Ups, failed to described the element [caused by: NoSuchWindowException: no such window: target window already closed]
]
Page source: file:/E:/march%20automation/selenium/ews%202022%20sep/SelenideSession/build/reports/tests/1664680733332.0.html
Timeout: 4 s." type="com.codeborne.selenide.ex.ListSizeMismatch">
      <![CDATA[List size mismatch: expected: = 10, actual: 11, collection: .LC20lb.MBeuO.DKV0Md
Elements: [
<h3 class="LC20lb MBeuO DKV0Md">Welcome to Naveen AutomationLabs - naveen automationlabs</h3>,
<h3 class="LC20lb MBeuO DKV0Md">Naveen AutomationLabs - YouTube</h3>,
<h3 class="LC20lb MBeuO DKV0Md" displayed:false>NoSuchWindowException: no such window: target window already closed</NoSuchWindowException: no such window: target window already closed>,
Ups, failed to described the element [caused by: NoSuchWindowException: no such window: target window already closed],
Ups, failed to described the element [caused by: NoSuchWindowException: no such window: target window already closed],
Ups, failed to described the element [caused by: NoSuchWindowException: no such window: target window already closed],
Ups, failed to described the element [caused by: NoSuchWindowException: no such window: target window already closed],
Ups, failed to described the element [caused by: NoSuchWindowException: no such window: target window already closed],
Ups, failed to described the element [caused by: NoSuchWindowException: no such window: target window already closed],
Ups, failed to described the element [caused by: NoSuchWindowException: no such window: target window already closed],
Ups, failed to described the element [caused by: NoSuchWindowException: no such window: target window already closed]
]
Page source: file:/E:/march%20automation/selenium/ews%202022%20sep/SelenideSession/build/reports/tests/1664680733332.0.html
Timeout: 4 s.
at com.codeborne.selenide.collections.ListSize.fail(ListSize.java:32)
at com.codeborne.selenide.ElementsCollection.waitUntil(ElementsCollection.java:221)
at com.codeborne.selenide.ElementsCollection.should(ElementsCollection.java:166)
at com.codeborne.selenide.ElementsCollection.shouldHave(ElementsCollection.java:128)
at org.tests.GoogleTest.googleSearchTest(GoogleTest.java:30)
at java.base/jdk.internal.reflect.NativeMethodAccessorImpl.invoke0(Native Method)
at java.base/jdk.internal.reflect.NativeMethodAccessorImpl.invoke(NativeMethodAccessorImpl.java:64)
at java.base/jdk.internal.reflect.DelegatingMethodAccessorImpl.invoke(DelegatingMethodAccessorImpl.java:43)
at java.base/java.lang.reflect.Method.invoke(Method.java:564)
at org.testng.internal.MethodInvocationHelper.invokeMethod(MethodInvocationHelper.java:124)
at org.testng.internal.Invoker.invokeMethod(Invoker.java:583)
at org.testng.internal.Invoker.invokeTestMethod(Invoker.java:719)
at org.testng.internal.Invoker.invokeTestMethods(Invoker.java:989)
at org.testng.internal.TestMethodWorker.invokeTestMethods(TestMethodWorker.java:125)
at org.testng.internal.TestMethodWorker.run(TestMethodWorker.java:109)
at org.testng.TestRunner.privateRun(TestRunner.java:648)
at org.testng.TestRunner.run(TestRunner.java:505)
at org.testng.SuiteRunner.runTest(SuiteRunner.java:455)
at org.testng.SuiteRunner.runSequentially(SuiteRunner.java:450)
at org.testng.SuiteRunner.privateRun(SuiteRunner.java:415)
at org.testng.SuiteRunner.run(SuiteRunner.java:364)
at org.testng.SuiteRunnerWorker.runSuite(SuiteRunnerWorker.java:52)
at org.testng.SuiteRunnerWorker.run(SuiteRunnerWorker.java:84)
at org.testng.TestNG.runSuitesSequentially(TestNG.java:1208)
at org.testng.TestNG.runSuitesLocally(TestNG.java:1137)
at org.testng.TestNG.runSuites(TestNG.java:1049)
at org.testng.TestNG.run(TestNG.java:1017)
at org.testng.remote.AbstractRemoteTestNG.run(AbstractRemoteTestNG.java:114)
at org.testng.remote.RemoteTestNG.initAndRun(RemoteTestNG.java:251)
at org.testng.remote.RemoteTestNG.main(RemoteTestNG.java:77)
]]>
    </failure>
  </testcase> <!-- googleSearchTest -->
</testsuite> <!-- org.tests.GoogleTest -->
