<?xml version="1.0" encoding="UTF-8"?>
<testng-results ignored="0" total="1" passed="0" failed="0" skipped="1">
  <reporter-output>
    <line>
      <![CDATA[Test is skipped :amazon]]>
    </line>
  </reporter-output>
  <suite started-at="2022-10-04T13:43:11Z" name="Suite" finished-at="2022-10-04T13:43:13Z" duration-ms="1666">
    <groups>
      <group name="regression">
        <method signature="TNG_001.amazon()[pri:0, instance:pack.TNG_001@732c2a62]" name="amazon" class="pack.TNG_001"/>
      </group> <!-- regression -->
      <group name="sanity">
        <method signature="TNG_001.amazon()[pri:0, instance:pack.TNG_001@732c2a62]" name="amazon" class="pack.TNG_001"/>
      </group> <!-- sanity -->
    </groups>
    <test started-at="2022-10-04T13:43:11Z" name="Test" finished-at="2022-10-04T13:43:13Z" duration-ms="1666">
      <class name="pack.TNG_001">
        <test-method is-config="true" signature="startProcess(java.lang.String)[pri:0, instance:pack.TNG_001@732c2a62]" started-at="2022-10-04T19:13:11Z" name="startProcess" finished-at="2022-10-04T19:13:13Z" duration-ms="1627" status="FAIL">
          <params>
            <param index="0">
              <value>
                <![CDATA[chrome]]>
              </value>
            </param>
          </params>
          <exception class="org.openqa.selenium.WebDriverException">
            <message>
              <![CDATA[unknown error: cannot create default profile directoryBuild info: version: '3.141.59', revision: 'e82be7d358', time: '2018-11-14T08:17:03'System info: host: 'PREM-OPTIMUS', ip: '192.168.0.245', os.name: 'Windows 10', os.arch: 'amd64', os.version: '10.0', java.version: '15.0.1'Driver info: driver.version: ChromeDriverremote stacktrace: Backtrace:Ordinal0 [0x00D51ED3+2236115]Ordinal0 [0x00CE92F1+1807089]Ordinal0 [0x00BF66FD+812797]Ordinal0 [0x00C17ECF+949967]Ordinal0 [0x00C1519C+938396]Ordinal0 [0x00C119C9+924105]Ordinal0 [0x00C4806C+1146988]Ordinal0 [0x00C47A6A+1145450]Ordinal0 [0x00C418A6+1120422]Ordinal0 [0x00C1A73D+960317]Ordinal0 [0x00C1B71F+964383]GetHandleVerifier [0x00FFE7E2+2743074]GetHandleVerifier [0x00FF08D4+2685972]GetHandleVerifier [0x00DE2BAA+532202]GetHandleVerifier [0x00DE1990+527568]Ordinal0 [0x00CF080C+1837068]Ordinal0 [0x00CF4CD8+1854680]Ordinal0 [0x00CF4DC5+1854917]Ordinal0 [0x00CFED64+1895780]BaseThreadInitThunk [0x77A7FA29+25]RtlGetAppContainerNamedObjectPath [0x77CE7B5E+286]RtlGetAppContainerNamedObjectPath [0x77CE7B2E+238]]]>
            </message>
            <full-stacktrace>
              <![CDATA[org.openqa.selenium.WebDriverException: unknown error: cannot create default profile directoryBuild info: version: '3.141.59', revision: 'e82be7d358', time: '2018-11-14T08:17:03'System info: host: 'PREM-OPTIMUS', ip: '192.168.0.245', os.name: 'Windows 10', os.arch: 'amd64', os.version: '10.0', java.version: '15.0.1'Driver info: driver.version: ChromeDriverremote stacktrace: Backtrace:Ordinal0 [0x00D51ED3+2236115]Ordinal0 [0x00CE92F1+1807089]Ordinal0 [0x00BF66FD+812797]Ordinal0 [0x00C17ECF+949967]Ordinal0 [0x00C1519C+938396]Ordinal0 [0x00C119C9+924105]Ordinal0 [0x00C4806C+1146988]Ordinal0 [0x00C47A6A+1145450]Ordinal0 [0x00C418A6+1120422]Ordinal0 [0x00C1A73D+960317]Ordinal0 [0x00C1B71F+964383]GetHandleVerifier [0x00FFE7E2+2743074]GetHandleVerifier [0x00FF08D4+2685972]GetHandleVerifier [0x00DE2BAA+532202]GetHandleVerifier [0x00DE1990+527568]Ordinal0 [0x00CF080C+1837068]Ordinal0 [0x00CF4CD8+1854680]Ordinal0 [0x00CF4DC5+1854917]Ordinal0 [0x00CFED64+1895780]BaseThreadInitThunk [0x77A7FA29+25]RtlGetAppContainerNamedObjectPath [0x77CE7B5E+286]RtlGetAppContainerNamedObjectPath [0x77CE7B2E+238]at java.base/jdk.internal.reflect.NativeConstructorAccessorImpl.newInstance0(Native Method)at java.base/jdk.internal.reflect.NativeConstructorAccessorImpl.newInstance(NativeConstructorAccessorImpl.java:64)at java.base/jdk.internal.reflect.DelegatingConstructorAccessorImpl.newInstance(DelegatingConstructorAccessorImpl.java:45)at java.base/java.lang.reflect.Constructor.newInstanceWithCaller(Constructor.java:500)at java.base/java.lang.reflect.Constructor.newInstance(Constructor.java:481)at org.openqa.selenium.remote.W3CHandshakeResponse.lambda$errorHandler$0(W3CHandshakeResponse.java:62)at org.openqa.selenium.remote.HandshakeResponse.lambda$getResponseFunction$0(HandshakeResponse.java:30)at org.openqa.selenium.remote.ProtocolHandshake.lambda$createSession$0(ProtocolHandshake.java:126)at java.base/java.util.stream.ReferencePipeline$3$1.accept(ReferencePipeline.java:195)at java.base/java.util.Spliterators$ArraySpliterator.tryAdvance(Spliterators.java:958)at java.base/java.util.stream.ReferencePipeline.forEachWithCancel(ReferencePipeline.java:127)at java.base/java.util.stream.AbstractPipeline.copyIntoWithCancel(AbstractPipeline.java:502)at java.base/java.util.stream.AbstractPipeline.copyInto(AbstractPipeline.java:488)at java.base/java.util.stream.AbstractPipeline.wrapAndCopyInto(AbstractPipeline.java:474)at java.base/java.util.stream.FindOps$FindOp.evaluateSequential(FindOps.java:150)at java.base/java.util.stream.AbstractPipeline.evaluate(AbstractPipeline.java:234)at java.base/java.util.stream.ReferencePipeline.findFirst(ReferencePipeline.java:543)at org.openqa.selenium.remote.ProtocolHandshake.createSession(ProtocolHandshake.java:128)at org.openqa.selenium.remote.ProtocolHandshake.createSession(ProtocolHandshake.java:74)at org.openqa.selenium.remote.HttpCommandExecutor.execute(HttpCommandExecutor.java:136)at org.openqa.selenium.remote.service.DriverCommandExecutor.execute(DriverCommandExecutor.java:83)at org.openqa.selenium.remote.RemoteWebDriver.execute(RemoteWebDriver.java:552)at org.openqa.selenium.remote.RemoteWebDriver.startSession(RemoteWebDriver.java:213)at org.openqa.selenium.remote.RemoteWebDriver.<init>(RemoteWebDriver.java:131)at org.openqa.selenium.chrome.ChromeDriver.<init>(ChromeDriver.java:181)at org.openqa.selenium.chrome.ChromeDriver.<init>(ChromeDriver.java:168)at org.openqa.selenium.chrome.ChromeDriver.<init>(ChromeDriver.java:157)at pack.BaseTest.launch(BaseTest.java:90)at pack.TNG_001.startProcess(TNG_001.java:23)at java.base/jdk.internal.reflect.NativeMethodAccessorImpl.invoke0(Native Method)at java.base/jdk.internal.reflect.NativeMethodAccessorImpl.invoke(NativeMethodAccessorImpl.java:64)at java.base/jdk.internal.reflect.DelegatingMethodAccessorImpl.invoke(DelegatingMethodAccessorImpl.java:43)at java.base/java.lang.reflect.Method.invoke(Method.java:564)at org.testng.internal.MethodInvocationHelper.invokeMethod(MethodInvocationHelper.java:124)at org.testng.internal.MethodInvocationHelper.invokeMethodConsideringTimeout(MethodInvocationHelper.java:59)at org.testng.internal.Invoker.invokeConfigurationMethod(Invoker.java:451)at org.testng.internal.Invoker.invokeConfigurations(Invoker.java:222)at org.testng.internal.Invoker.invokeMethod(Invoker.java:516)at org.testng.internal.Invoker.invokeTestMethod(Invoker.java:707)at org.testng.internal.Invoker.invokeTestMethods(Invoker.java:979)at org.testng.internal.TestMethodWorker.invokeTestMethods(TestMethodWorker.java:125)at org.testng.internal.TestMethodWorker.run(TestMethodWorker.java:109)at org.testng.TestRunner.privateRun(TestRunner.java:648)at org.testng.TestRunner.run(TestRunner.java:505)at org.testng.SuiteRunner.runTest(SuiteRunner.java:455)at org.testng.SuiteRunner.runSequentially(SuiteRunner.java:450)at org.testng.SuiteRunner.privateRun(SuiteRunner.java:415)at org.testng.SuiteRunner.run(SuiteRunner.java:364)at org.testng.SuiteRunnerWorker.runSuite(SuiteRunnerWorker.java:52)at org.testng.SuiteRunnerWorker.run(SuiteRunnerWorker.java:84)at org.testng.TestNG.runSuitesSequentially(TestNG.java:1187)at org.testng.TestNG.runSuitesLocally(TestNG.java:1116)at org.testng.TestNG.runSuites(TestNG.java:1028)at org.testng.TestNG.run(TestNG.java:996)at org.testng.remote.AbstractRemoteTestNG.run(AbstractRemoteTestNG.java:114)at org.testng.remote.RemoteTestNG.initAndRun(RemoteTestNG.java:251)at org.testng.remote.RemoteTestNG.main(RemoteTestNG.java:77)]]>
            </full-stacktrace>
          </exception> <!-- org.openqa.selenium.WebDriverException -->
          <reporter-output>
          </reporter-output>
        </test-method> <!-- startProcess -->
        <test-method signature="amazon()[pri:0, instance:pack.TNG_001@732c2a62]" started-at="2022-10-04T19:13:13Z" name="amazon" finished-at="2022-10-04T19:13:13Z" duration-ms="0" status="SKIP">
          <exception class="org.openqa.selenium.WebDriverException">
            <message>
              <![CDATA[unknown error: cannot create default profile directoryBuild info: version: '3.141.59', revision: 'e82be7d358', time: '2018-11-14T08:17:03'System info: host: 'PREM-OPTIMUS', ip: '192.168.0.245', os.name: 'Windows 10', os.arch: 'amd64', os.version: '10.0', java.version: '15.0.1'Driver info: driver.version: ChromeDriverremote stacktrace: Backtrace:Ordinal0 [0x00D51ED3+2236115]Ordinal0 [0x00CE92F1+1807089]Ordinal0 [0x00BF66FD+812797]Ordinal0 [0x00C17ECF+949967]Ordinal0 [0x00C1519C+938396]Ordinal0 [0x00C119C9+924105]Ordinal0 [0x00C4806C+1146988]Ordinal0 [0x00C47A6A+1145450]Ordinal0 [0x00C418A6+1120422]Ordinal0 [0x00C1A73D+960317]Ordinal0 [0x00C1B71F+964383]GetHandleVerifier [0x00FFE7E2+2743074]GetHandleVerifier [0x00FF08D4+2685972]GetHandleVerifier [0x00DE2BAA+532202]GetHandleVerifier [0x00DE1990+527568]Ordinal0 [0x00CF080C+1837068]Ordinal0 [0x00CF4CD8+1854680]Ordinal0 [0x00CF4DC5+1854917]Ordinal0 [0x00CFED64+1895780]BaseThreadInitThunk [0x77A7FA29+25]RtlGetAppContainerNamedObjectPath [0x77CE7B5E+286]RtlGetAppContainerNamedObjectPath [0x77CE7B2E+238]]]>
            </message>
            <full-stacktrace>
              <![CDATA[org.openqa.selenium.WebDriverException: unknown error: cannot create default profile directoryBuild info: version: '3.141.59', revision: 'e82be7d358', time: '2018-11-14T08:17:03'System info: host: 'PREM-OPTIMUS', ip: '192.168.0.245', os.name: 'Windows 10', os.arch: 'amd64', os.version: '10.0', java.version: '15.0.1'Driver info: driver.version: ChromeDriverremote stacktrace: Backtrace:Ordinal0 [0x00D51ED3+2236115]Ordinal0 [0x00CE92F1+1807089]Ordinal0 [0x00BF66FD+812797]Ordinal0 [0x00C17ECF+949967]Ordinal0 [0x00C1519C+938396]Ordinal0 [0x00C119C9+924105]Ordinal0 [0x00C4806C+1146988]Ordinal0 [0x00C47A6A+1145450]Ordinal0 [0x00C418A6+1120422]Ordinal0 [0x00C1A73D+960317]Ordinal0 [0x00C1B71F+964383]GetHandleVerifier [0x00FFE7E2+2743074]GetHandleVerifier [0x00FF08D4+2685972]GetHandleVerifier [0x00DE2BAA+532202]GetHandleVerifier [0x00DE1990+527568]Ordinal0 [0x00CF080C+1837068]Ordinal0 [0x00CF4CD8+1854680]Ordinal0 [0x00CF4DC5+1854917]Ordinal0 [0x00CFED64+1895780]BaseThreadInitThunk [0x77A7FA29+25]RtlGetAppContainerNamedObjectPath [0x77CE7B5E+286]RtlGetAppContainerNamedObjectPath [0x77CE7B2E+238]at java.base/jdk.internal.reflect.NativeConstructorAccessorImpl.newInstance0(Native Method)at java.base/jdk.internal.reflect.NativeConstructorAccessorImpl.newInstance(NativeConstructorAccessorImpl.java:64)at java.base/jdk.internal.reflect.DelegatingConstructorAccessorImpl.newInstance(DelegatingConstructorAccessorImpl.java:45)at java.base/java.lang.reflect.Constructor.newInstanceWithCaller(Constructor.java:500)at java.base/java.lang.reflect.Constructor.newInstance(Constructor.java:481)at org.openqa.selenium.remote.W3CHandshakeResponse.lambda$errorHandler$0(W3CHandshakeResponse.java:62)at org.openqa.selenium.remote.HandshakeResponse.lambda$getResponseFunction$0(HandshakeResponse.java:30)at org.openqa.selenium.remote.ProtocolHandshake.lambda$createSession$0(ProtocolHandshake.java:126)at java.base/java.util.stream.ReferencePipeline$3$1.accept(ReferencePipeline.java:195)at java.base/java.util.Spliterators$ArraySpliterator.tryAdvance(Spliterators.java:958)at java.base/java.util.stream.ReferencePipeline.forEachWithCancel(ReferencePipeline.java:127)at java.base/java.util.stream.AbstractPipeline.copyIntoWithCancel(AbstractPipeline.java:502)at java.base/java.util.stream.AbstractPipeline.copyInto(AbstractPipeline.java:488)at java.base/java.util.stream.AbstractPipeline.wrapAndCopyInto(AbstractPipeline.java:474)at java.base/java.util.stream.FindOps$FindOp.evaluateSequential(FindOps.java:150)at java.base/java.util.stream.AbstractPipeline.evaluate(AbstractPipeline.java:234)at java.base/java.util.stream.ReferencePipeline.findFirst(ReferencePipeline.java:543)at org.openqa.selenium.remote.ProtocolHandshake.createSession(ProtocolHandshake.java:128)at org.openqa.selenium.remote.ProtocolHandshake.createSession(ProtocolHandshake.java:74)at org.openqa.selenium.remote.HttpCommandExecutor.execute(HttpCommandExecutor.java:136)at org.openqa.selenium.remote.service.DriverCommandExecutor.execute(DriverCommandExecutor.java:83)at org.openqa.selenium.remote.RemoteWebDriver.execute(RemoteWebDriver.java:552)at org.openqa.selenium.remote.RemoteWebDriver.startSession(RemoteWebDriver.java:213)at org.openqa.selenium.remote.RemoteWebDriver.<init>(RemoteWebDriver.java:131)at org.openqa.selenium.chrome.ChromeDriver.<init>(ChromeDriver.java:181)at org.openqa.selenium.chrome.ChromeDriver.<init>(ChromeDriver.java:168)at org.openqa.selenium.chrome.ChromeDriver.<init>(ChromeDriver.java:157)at pack.BaseTest.launch(BaseTest.java:90)at pack.TNG_001.startProcess(TNG_001.java:23)at java.base/jdk.internal.reflect.NativeMethodAccessorImpl.invoke0(Native Method)at java.base/jdk.internal.reflect.NativeMethodAccessorImpl.invoke(NativeMethodAccessorImpl.java:64)at java.base/jdk.internal.reflect.DelegatingMethodAccessorImpl.invoke(DelegatingMethodAccessorImpl.java:43)at java.base/java.lang.reflect.Method.invoke(Method.java:564)at org.testng.internal.MethodInvocationHelper.invokeMethod(MethodInvocationHelper.java:124)at org.testng.internal.MethodInvocationHelper.invokeMethodConsideringTimeout(MethodInvocationHelper.java:59)at org.testng.internal.Invoker.invokeConfigurationMethod(Invoker.java:451)at org.testng.internal.Invoker.invokeConfigurations(Invoker.java:222)at org.testng.internal.Invoker.invokeMethod(Invoker.java:516)at org.testng.internal.Invoker.invokeTestMethod(Invoker.java:707)at org.testng.internal.Invoker.invokeTestMethods(Invoker.java:979)at org.testng.internal.TestMethodWorker.invokeTestMethods(TestMethodWorker.java:125)at org.testng.internal.TestMethodWorker.run(TestMethodWorker.java:109)at org.testng.TestRunner.privateRun(TestRunner.java:648)at org.testng.TestRunner.run(TestRunner.java:505)at org.testng.SuiteRunner.runTest(SuiteRunner.java:455)at org.testng.SuiteRunner.runSequentially(SuiteRunner.java:450)at org.testng.SuiteRunner.privateRun(SuiteRunner.java:415)at org.testng.SuiteRunner.run(SuiteRunner.java:364)at org.testng.SuiteRunnerWorker.runSuite(SuiteRunnerWorker.java:52)at org.testng.SuiteRunnerWorker.run(SuiteRunnerWorker.java:84)at org.testng.TestNG.runSuitesSequentially(TestNG.java:1187)at org.testng.TestNG.runSuitesLocally(TestNG.java:1116)at org.testng.TestNG.runSuites(TestNG.java:1028)at org.testng.TestNG.run(TestNG.java:996)at org.testng.remote.AbstractRemoteTestNG.run(AbstractRemoteTestNG.java:114)at org.testng.remote.RemoteTestNG.initAndRun(RemoteTestNG.java:251)at org.testng.remote.RemoteTestNG.main(RemoteTestNG.java:77)]]>
            </full-stacktrace>
          </exception> <!-- org.openqa.selenium.WebDriverException -->
          <reporter-output>
            <line>
              <![CDATA[Test is skipped :amazon]]>
            </line>
          </reporter-output>
        </test-method> <!-- amazon -->
        <test-method is-config="true" signature="endProcess()[pri:0, instance:pack.TNG_001@732c2a62]" started-at="2022-10-04T19:13:13Z" name="endProcess" finished-at="2022-10-04T19:13:13Z" duration-ms="0" status="SKIP">
          <reporter-output>
          </reporter-output>
        </test-method> <!-- endProcess -->
      </class> <!-- pack.TNG_001 -->
    </test> <!-- Test -->
  </suite> <!-- Suite -->
</testng-results>
