<?xml version="1.0" encoding="UTF-8"?>
<!-- Generated by org.testng.reporters.JUnitXMLReporter -->
<testsuite ignored="0" hostname="PREM-OPTIMUS" failures="0" tests="1" name="Test" time="1.666" errors="0" timestamp="04 Oct 2022 13:43:13 GMT">
  <testcase classname="pack.TNG_001" name="@BeforeMethod startProcess" time="1.627">
    <failure type="org.openqa.selenium.WebDriverException" message="unknown error: cannot create default profile directory
Build info: version: &amp;apos;3.141.59&amp;apos;, revision: &amp;apos;e82be7d358&amp;apos;, time: &amp;apos;2018-11-14T08:17:03&amp;apos;
System info: host: &amp;apos;PREM-OPTIMUS&amp;apos;, ip: &amp;apos;192.168.0.245&amp;apos;, os.name: &amp;apos;Windows 10&amp;apos;, os.arch: &amp;apos;amd64&amp;apos;, os.version: &amp;apos;10.0&amp;apos;, java.version: &amp;apos;15.0.1&amp;apos;
Driver info: driver.version: ChromeDriver
remote stacktrace: Backtrace:
	Ordinal0 [0x00D51ED3+2236115]
	Ordinal0 [0x00CE92F1+1807089]
	Ordinal0 [0x00BF66FD+812797]
	Ordinal0 [0x00C17ECF+949967]
	Ordinal0 [0x00C1519C+938396]
	Ordinal0 [0x00C119C9+924105]
	Ordinal0 [0x00C4806C+1146988]
	Ordinal0 [0x00C47A6A+1145450]
	Ordinal0 [0x00C418A6+1120422]
	Ordinal0 [0x00C1A73D+960317]
	Ordinal0 [0x00C1B71F+964383]
	GetHandleVerifier [0x00FFE7E2+2743074]
	GetHandleVerifier [0x00FF08D4+2685972]
	GetHandleVerifier [0x00DE2BAA+532202]
	GetHandleVerifier [0x00DE1990+527568]
	Ordinal0 [0x00CF080C+1837068]
	Ordinal0 [0x00CF4CD8+1854680]
	Ordinal0 [0x00CF4DC5+1854917]
	Ordinal0 [0x00CFED64+1895780]
	BaseThreadInitThunk [0x77A7FA29+25]
	RtlGetAppContainerNamedObjectPath [0x77CE7B5E+286]
	RtlGetAppContainerNamedObjectPath [0x77CE7B2E+238]
">
      <![CDATA[org.openqa.selenium.WebDriverException: unknown error: cannot create default profile directoryBuild info: version: '3.141.59', revision: 'e82be7d358', time: '2018-11-14T08:17:03'System info: host: 'PREM-OPTIMUS', ip: '192.168.0.245', os.name: 'Windows 10', os.arch: 'amd64', os.version: '10.0', java.version: '15.0.1'Driver info: driver.version: ChromeDriverremote stacktrace: Backtrace:Ordinal0 [0x00D51ED3+2236115]Ordinal0 [0x00CE92F1+1807089]Ordinal0 [0x00BF66FD+812797]Ordinal0 [0x00C17ECF+949967]Ordinal0 [0x00C1519C+938396]Ordinal0 [0x00C119C9+924105]Ordinal0 [0x00C4806C+1146988]Ordinal0 [0x00C47A6A+1145450]Ordinal0 [0x00C418A6+1120422]Ordinal0 [0x00C1A73D+960317]Ordinal0 [0x00C1B71F+964383]GetHandleVerifier [0x00FFE7E2+2743074]GetHandleVerifier [0x00FF08D4+2685972]GetHandleVerifier [0x00DE2BAA+532202]GetHandleVerifier [0x00DE1990+527568]Ordinal0 [0x00CF080C+1837068]Ordinal0 [0x00CF4CD8+1854680]Ordinal0 [0x00CF4DC5+1854917]Ordinal0 [0x00CFED64+1895780]BaseThreadInitThunk [0x77A7FA29+25]RtlGetAppContainerNamedObjectPath [0x77CE7B5E+286]RtlGetAppContainerNamedObjectPath [0x77CE7B2E+238]at org.openqa.selenium.remote.W3CHandshakeResponse.lambda$errorHandler$0(W3CHandshakeResponse.java:62)at org.openqa.selenium.remote.HandshakeResponse.lambda$getResponseFunction$0(HandshakeResponse.java:30)at org.openqa.selenium.remote.ProtocolHandshake.lambda$createSession$0(ProtocolHandshake.java:126)at java.base/java.util.stream.ReferencePipeline$3$1.accept(ReferencePipeline.java:195)at java.base/java.util.Spliterators$ArraySpliterator.tryAdvance(Spliterators.java:958)at java.base/java.util.stream.ReferencePipeline.forEachWithCancel(ReferencePipeline.java:127)at java.base/java.util.stream.AbstractPipeline.copyIntoWithCancel(AbstractPipeline.java:502)at java.base/java.util.stream.AbstractPipeline.copyInto(AbstractPipeline.java:488)at java.base/java.util.stream.AbstractPipeline.wrapAndCopyInto(AbstractPipeline.java:474)at java.base/java.util.stream.FindOps$FindOp.evaluateSequential(FindOps.java:150)at java.base/java.util.stream.AbstractPipeline.evaluate(AbstractPipeline.java:234)at java.base/java.util.stream.ReferencePipeline.findFirst(ReferencePipeline.java:543)at org.openqa.selenium.remote.ProtocolHandshake.createSession(ProtocolHandshake.java:128)at org.openqa.selenium.remote.ProtocolHandshake.createSession(ProtocolHandshake.java:74)at org.openqa.selenium.remote.HttpCommandExecutor.execute(HttpCommandExecutor.java:136)at org.openqa.selenium.remote.service.DriverCommandExecutor.execute(DriverCommandExecutor.java:83)at org.openqa.selenium.remote.RemoteWebDriver.execute(RemoteWebDriver.java:552)at org.openqa.selenium.remote.RemoteWebDriver.startSession(RemoteWebDriver.java:213)at org.openqa.selenium.remote.RemoteWebDriver.<init>(RemoteWebDriver.java:131)at org.openqa.selenium.chrome.ChromeDriver.<init>(ChromeDriver.java:181)at org.openqa.selenium.chrome.ChromeDriver.<init>(ChromeDriver.java:168)at org.openqa.selenium.chrome.ChromeDriver.<init>(ChromeDriver.java:157)at pack.BaseTest.launch(BaseTest.java:90)at pack.TNG_001.startProcess(TNG_001.java:23)... Removed 33 stack frames]]>
    </failure>
  </testcase> <!-- @BeforeMethod startProcess -->
  <testcase classname="pack.TNG_001" name="@AfterMethod endProcess" time="0.0">
    <skipped/>
  </testcase> <!-- @AfterMethod endProcess -->
  <testcase classname="pack.TNG_001" name="amazon" time="0.0">
    <skipped/>
  </testcase> <!-- amazon -->
</testsuite> <!-- Test -->
